# JRE version: OpenJDK Runtime Environment (8.0_282-b08) (build 1.8.0_282-b08)
# Java VM: OpenJDK 64-Bit Server VM (25.282-b08 mixed mode windows-amd64 compressed oops)
Heap:
 PSYoungGen      total 145920K, used 65425K [0x00000000f5580000, 0x0000000100000000, 0x0000000100000000)
  eden space 133632K, 48% used [0x00000000f5580000,0x00000000f9564510,0x00000000fd800000)
  from space 12288K, 0% used [0x00000000ff400000,0x00000000ff400000,0x0000000100000000)
  to   space 20480K, 0% used [0x00000000fd800000,0x00000000fd800000,0x00000000fec00000)
 ParOldGen       total 188416K, used 36259K [0x00000000e0000000, 0x00000000eb800000, 0x00000000f5580000)
  object space 188416K, 19% used [0x00000000e0000000,0x00000000e2368c58,0x00000000eb800000)
 Metaspace       used 58520K, capacity 61396K, committed 61720K, reserved 1101824K
  class space    used 8232K, capacity 8892K, committed 8984K, reserved 1048576K
GC Heap History (10 events):
Event: 32.355 GC heap before
{Heap before GC invocations=9 (full 2):
 PSYoungGen      total 117248K, used 9755K [0x00000000f5580000, 0x0000000100000000, 0x0000000100000000)
  eden space 104960K, 0% used [0x00000000f5580000,0x00000000f5580000,0x00000000fbc00000)
  from space 12288K, 79% used [0x00000000fbc00000,0x00000000fc586f00,0x00000000fc800000)
  to   space 12288K, 0% used [0x00000000ff400000,0x00000000ff400000,0x0000000100000000)
 ParOldGen       total 175104K, used 8206K [0x00000000e0000000, 0x00000000eab00000, 0x00000000f5580000)
  object space 175104K, 4% used [0x00000000e0000000,0x00000000e0803838,0x00000000eab00000)
 Metaspace       used 34310K, capacity 35466K, committed 35496K, reserved 1079296K
  class space    used 4803K, capacity 5107K, committed 5120K, reserved 1048576K
Event: 32.505 GC heap after
Heap after GC invocations=9 (full 2):
 PSYoungGen      total 117248K, used 0K [0x00000000f5580000, 0x0000000100000000, 0x0000000100000000)
  eden space 104960K, 0% used [0x00000000f5580000,0x00000000f5580000,0x00000000fbc00000)
  from space 12288K, 0% used [0x00000000fbc00000,0x00000000fbc00000,0x00000000fc800000)
  to   space 12288K, 0% used [0x00000000ff400000,0x00000000ff400000,0x0000000100000000)
 ParOldGen       total 175104K, used 16422K [0x00000000e0000000, 0x00000000eab00000, 0x00000000f5580000)
  object space 175104K, 9% used [0x00000000e0000000,0x00000000e1009950,0x00000000eab00000)
 Metaspace       used 34310K, capacity 35466K, committed 35496K, reserved 1079296K
  class space    used 4803K, capacity 5107K, committed 5120K, reserved 1048576K
}
Event: 35.404 GC heap before
{Heap before GC invocations=10 (full 2):
 PSYoungGen      total 117248K, used 104960K [0x00000000f5580000, 0x0000000100000000, 0x0000000100000000)
  eden space 104960K, 100% used [0x00000000f5580000,0x00000000fbc00000,0x00000000fbc00000)
  from space 12288K, 0% used [0x00000000fbc00000,0x00000000fbc00000,0x00000000fc800000)
  to   space 12288K, 0% used [0x00000000ff400000,0x00000000ff400000,0x0000000100000000)
 ParOldGen       total 175104K, used 16422K [0x00000000e0000000, 0x00000000eab00000, 0x00000000f5580000)
  object space 175104K, 9% used [0x00000000e0000000,0x00000000e1009950,0x00000000eab00000)
 Metaspace       used 37845K, capacity 39578K, committed 39808K, reserved 1083392K
  class space    used 5308K, capacity 5685K, committed 5760K, reserved 1048576K
Event: 35.436 GC heap after
Heap after GC invocations=10 (full 2):
 PSYoungGen      total 162304K, used 6396K [0x00000000f5580000, 0x0000000100000000, 0x0000000100000000)
  eden space 150016K, 0% used [0x00000000f5580000,0x00000000f5580000,0x00000000fe800000)
  from space 12288K, 52% used [0x00000000ff400000,0x00000000ffa3f2b8,0x0000000100000000)
  to   space 12288K, 0% used [0x00000000fe800000,0x00000000fe800000,0x00000000ff400000)
 ParOldGen       total 175104K, used 16422K [0x00000000e0000000, 0x00000000eab00000, 0x00000000f5580000)
  object space 175104K, 9% used [0x00000000e0000000,0x00000000e1009950,0x00000000eab00000)
 Metaspace       used 37845K, capacity 39578K, committed 39808K, reserved 1083392K
  class space    used 5308K, capacity 5685K, committed 5760K, reserved 1048576K
}
Event: 40.057 GC heap before
{Heap before GC invocations=11 (full 2):
 PSYoungGen      total 162304K, used 156412K [0x00000000f5580000, 0x0000000100000000, 0x0000000100000000)
  eden space 150016K, 100% used [0x00000000f5580000,0x00000000fe800000,0x00000000fe800000)
  from space 12288K, 52% used [0x00000000ff400000,0x00000000ffa3f2b8,0x0000000100000000)
  to   space 12288K, 0% used [0x00000000fe800000,0x00000000fe800000,0x00000000ff400000)
 ParOldGen       total 175104K, used 16422K [0x00000000e0000000, 0x00000000eab00000, 0x00000000f5580000)
  object space 175104K, 9% used [0x00000000e0000000,0x00000000e1009950,0x00000000eab00000)
 Metaspace       used 51499K, capacity 53668K, committed 53888K, reserved 1095680K
  class space    used 7056K, capacity 7550K, committed 7552K, reserved 1048576K
Event: 40.112 GC heap after
Heap after GC invocations=11 (full 2):
 PSYoungGen      total 162304K, used 12272K [0x00000000f5580000, 0x0000000100000000, 0x0000000100000000)
  eden space 150016K, 0% used [0x00000000f5580000,0x00000000f5580000,0x00000000fe800000)
  from space 12288K, 99% used [0x00000000fe800000,0x00000000ff3fc030,0x00000000ff400000)
  to   space 12288K, 0% used [0x00000000ff400000,0x00000000ff400000,0x0000000100000000)
 ParOldGen       total 175104K, used 25219K [0x00000000e0000000, 0x00000000eab00000, 0x00000000f5580000)
  object space 175104K, 14% used [0x00000000e0000000,0x00000000e18a0ef0,0x00000000eab00000)
 Metaspace       used 51499K, capacity 53668K, committed 53888K, reserved 1095680K
  class space    used 7056K, capacity 7550K, committed 7552K, reserved 1048576K
}
Event: 47.872 GC heap before
{Heap before GC invocations=12 (full 2):
 PSYoungGen      total 162304K, used 98124K [0x00000000f5580000, 0x0000000100000000, 0x0000000100000000)
  eden space 150016K, 57% used [0x00000000f5580000,0x00000000fa957268,0x00000000fe800000)
  from space 12288K, 99% used [0x00000000fe800000,0x00000000ff3fc030,0x00000000ff400000)
  to   space 12288K, 0% used [0x00000000ff400000,0x00000000ff400000,0x0000000100000000)
 ParOldGen       total 175104K, used 25219K [0x00000000e0000000, 0x00000000eab00000, 0x00000000f5580000)
  object space 175104K, 14% used [0x00000000e0000000,0x00000000e18a0ef0,0x00000000eab00000)
 Metaspace       used 56495K, capacity 59116K, committed 59160K, reserved 1099776K
  class space    used 7880K, capacity 8458K, committed 8472K, reserved 1048576K
Event: 47.906 GC heap after
Heap after GC invocations=12 (full 2):
 PSYoungGen      total 145920K, used 12275K [0x00000000f5580000, 0x0000000100000000, 0x0000000100000000)
  eden space 133632K, 0% used [0x00000000f5580000,0x00000000f5580000,0x00000000fd800000)
  from space 12288K, 99% used [0x00000000ff400000,0x00000000ffffcf78,0x0000000100000000)
  to   space 20480K, 0% used [0x00000000fd800000,0x00000000fd800000,0x00000000fec00000)
 ParOldGen       total 175104K, used 34194K [0x00000000e0000000, 0x00000000eab00000, 0x00000000f5580000)
  object space 175104K, 19% used [0x00000000e0000000,0x00000000e2164a58,0x00000000eab00000)
 Metaspace       used 56495K, capacity 59116K, committed 59160K, reserved 1099776K
  class space    used 7880K, capacity 8458K, committed 8472K, reserved 1048576K
}
Event: 47.906 GC heap before
{Heap before GC invocations=13 (full 3):
 PSYoungGen      total 145920K, used 12275K [0x00000000f5580000, 0x0000000100000000, 0x0000000100000000)
  eden space 133632K, 0% used [0x00000000f5580000,0x00000000f5580000,0x00000000fd800000)
  from space 12288K, 99% used [0x00000000ff400000,0x00000000ffffcf78,0x0000000100000000)
  to   space 20480K, 0% used [0x00000000fd800000,0x00000000fd800000,0x00000000fec00000)
 ParOldGen       total 175104K, used 34194K [0x00000000e0000000, 0x00000000eab00000, 0x00000000f5580000)
  object space 175104K, 19% used [0x00000000e0000000,0x00000000e2164a58,0x00000000eab00000)
 Metaspace       used 56495K, capacity 59116K, committed 59160K, reserved 1099776K
  class space    used 7880K, capacity 8458K, committed 8472K, reserved 1048576K
Event: 48.407 GC heap after
Heap after GC invocations=13 (full 3):
 PSYoungGen      total 145920K, used 0K [0x00000000f5580000, 0x0000000100000000, 0x0000000100000000)
  eden space 133632K, 0% used [0x00000000f5580000,0x00000000f5580000,0x00000000fd800000)
  from space 12288K, 0% used [0x00000000ff400000,0x00000000ff400000,0x0000000100000000)
  to   space 20480K, 0% used [0x00000000fd800000,0x00000000fd800000,0x00000000fec00000)
 ParOldGen       total 188416K, used 36259K [0x00000000e0000000, 0x00000000eb800000, 0x00000000f5580000)
  object space 188416K, 19% used [0x00000000e0000000,0x00000000e2368c58,0x00000000eb800000)
 Metaspace       used 56477K, capacity 59056K, committed 59160K, reserved 1099776K
  class space    used 7874K, capacity 8448K, committed 8472K, reserved 1048576K
}

